d:\work\code\robot\client\robotqqclient\robotqqclient\debug\robotqqclient.pch
d:\work\code\robot\client\robotqqclient\robotqqclient\debug\vc141.pdb
d:\work\code\robot\client\robotqqclient\robotqqclient\debug\vc141.idb
d:\work\code\robot\client\robotqqclient\robotqqclient\debug\stdafx.obj
d:\work\code\robot\client\robotqqclient\robotqqclient\debug\robotqqclient.obj
d:\work\code\robot\client\robotqqclient\robotqqclient\debug\robotqqclientdlg.obj
d:\work\code\robot\client\robotqqclient\robotqqclient\debug\socketclient.obj
d:\work\code\robot\client\robotqqclient\robotqqclient\debug\robotqqclient.res
d:\work\code\robot\client\robotqqclient\debug\robotqqclient.pdb
d:\work\code\robot\client\robotqqclient\debug\robotqqclient.exe
d:\work\code\robot\client\robotqqclient\debug\robotqqclient.ilk
d:\work\code\robot\client\robotqqclient\robotqqclient\debug\robotqqclient.tlog\cl.command.1.tlog
d:\work\code\robot\client\robotqqclient\robotqqclient\debug\robotqqclient.tlog\cl.read.1.tlog
d:\work\code\robot\client\robotqqclient\robotqqclient\debug\robotqqclient.tlog\cl.write.1.tlog
d:\work\code\robot\client\robotqqclient\robotqqclient\debug\robotqqclient.tlog\link.command.1.tlog
d:\work\code\robot\client\robotqqclient\robotqqclient\debug\robotqqclient.tlog\link.read.1.tlog
d:\work\code\robot\client\robotqqclient\robotqqclient\debug\robotqqclient.tlog\link.write.1.tlog
d:\work\code\robot\client\robotqqclient\robotqqclient\debug\robotqqclient.tlog\rc.command.1.tlog
d:\work\code\robot\client\robotqqclient\robotqqclient\debug\robotqqclient.tlog\rc.read.1.tlog
d:\work\code\robot\client\robotqqclient\robotqqclient\debug\robotqqclient.tlog\rc.write.1.tlog
